<?xml version="1.0" encoding="UTF-8"?>
<!-- Generated by org.testng.reporters.JUnitXMLReporter -->
<testsuite hostname="DESKTOP-P5K0BO7" ignored="2" name="Default test(failed)" tests="2" failures="1" timestamp="13 Aug 2019 04:52:45 GMT" time="182.127" errors="0">
  <testcase name="VerifyGoldCoind" time="8.481" classname="Assignments.Scenariofrom014"/>
  <testcase name="VerifyCountGender" time="73.938" classname="Assignments.Scenariofrom014">
    <failure type="org.openqa.selenium.support.ui.UnexpectedTagNameException" message="Element should have been &amp;quot;select&amp;quot; but was &amp;quot;span&amp;quot;
Build info: version: &amp;apos;3.141.59&amp;apos;, revision: &amp;apos;e82be7d358&amp;apos;, time: &amp;apos;2018-11-14T08:25:53&amp;apos;
System info: host: &amp;apos;DESKTOP-P5K0BO7&amp;apos;, ip: &amp;apos;192.168.43.107&amp;apos;, os.name: &amp;apos;Windows 10&amp;apos;, os.arch: &amp;apos;amd64&amp;apos;, os.version: &amp;apos;10.0&amp;apos;, java.version: &amp;apos;1.8.0_211&amp;apos;
Driver info: driver.version: unknown">
      <![CDATA[org.openqa.selenium.support.ui.UnexpectedTagNameException: Element should have been "select" but was "span"
Build info: version: '3.141.59', revision: 'e82be7d358', time: '2018-11-14T08:25:53'
System info: host: 'DESKTOP-P5K0BO7', ip: '192.168.43.107', os.name: 'Windows 10', os.arch: 'amd64', os.version: '10.0', java.version: '1.8.0_211'
Driver info: driver.version: unknown
at org.openqa.selenium.support.ui.Select.<init>(Select.java:48)
at Assignments.Scenariofrom014.VerifyCountGender(Scenariofrom014.java:44)
... Removed 25 stack frames]]>
    </failure>
  </testcase> <!-- VerifyCountGender -->
  <testcase name="visitstores" time="0.0" classname="Assignments.Scenariofrom014">
    <ignored/>
  </testcase> <!-- visitstores -->
  <testcase name="TestScheme" time="0.0" classname="Assignments.Scenariofrom014">
    <ignored/>
  </testcase> <!-- TestScheme -->
</testsuite> <!-- Default test(failed) -->
