<?xml version="1.0" encoding="UTF-8"?>
<!-- Generated by org.testng.reporters.JUnitXMLReporter -->
<testsuite hostname="DESKTOP-P5K0BO7" ignored="0" name="Test2" tests="2" failures="1" timestamp="06 Aug 2019 12:08:15 GMT" time="0.136" errors="0">
  <testcase name="@BeforeMethod OpenBrowser" time="0.0" classname="TestNGprograms.ParameterDemo02">
    <failure type="org.testng.TestNGException" message="
Method OpenBrowser requires 1 parameters but 3 were supplied in the BeforeMethod annotation.">
      <![CDATA[org.testng.TestNGException: 
Method OpenBrowser requires 1 parameters but 3 were supplied in the BeforeMethod annotation.
... Removed 25 stack frames]]>
    </failure>
  </testcase> <!-- @BeforeMethod OpenBrowser -->
  <testcase name="@AfterMethod closeBrowser" time="0.0" classname="TestNGprograms.ParameterDemo02">
    <skipped/>
  </testcase> <!-- @AfterMethod closeBrowser -->
  <testcase name="OpenBrowser" time="0.0" classname="TestNGprograms.ParameterDemo02">
    <failure type="org.testng.TestNGException" message="
Method OpenBrowser requires 1 parameters but 3 were supplied in the @Test annotation.">
      <![CDATA[org.testng.TestNGException: 
Method OpenBrowser requires 1 parameters but 3 were supplied in the @Test annotation.
... Removed 24 stack frames]]>
    </failure>
  </testcase> <!-- OpenBrowser -->
  <testcase name="text" time="0.0" classname="TestNGprograms.ParameterDemo02">
    <skipped/>
  </testcase> <!-- text -->
</testsuite> <!-- Test2 -->
